Build started 4/22/2012 11:24:44 PM.
     1>Project "C:\Users\Santosh\Desktop\_CS541_Project5\_CS541_Project5\framework.vcxproj" on node 2 (build target(s)).
     1>InitializeBuildStatus:
         Creating "Release\CS541-framework.unsuccessfulbuild" because "AlwaysCreate" was specified.
       ClCompile:
         E:\Program Files (x86)\Microsoft Visual Studio 10.0\VC\bin\CL.exe /c /I.\ /Zi /nologo /W3 /WX- /O2 /Oy- /GL /D WIN32 /D NDEBUG /D _CONSOLE /D _UNICODE /D UNICODE /Gm- /EHsc /MD /GS /fp:precise /Zc:wchar_t /Zc:forScope /Fo"Release\\" /Fd"Release\vc100.pdb" /Gd /TP /analyze- /errorReport:prompt framework.cpp "geomlib-advanced.cpp" geomlib.cpp render.cpp scene.cpp scenelib.cpp transformation.cpp
         framework.cpp
         geomlib-advanced.cpp
         geomlib.cpp
         render.cpp
     1>render.cpp(30): warning C4018: '<' : signed/unsigned mismatch
     1>render.cpp(32): warning C4018: '<' : signed/unsigned mismatch
     1>render.cpp(132): warning C4018: '<' : signed/unsigned mismatch
         scene.cpp
         scenelib.cpp
     1>scenelib.cpp(252): warning C4244: 'argument' : conversion from 'int' to 'GLfloat', possible loss of data
         transformation.cpp
       Link:
         E:\Program Files (x86)\Microsoft Visual Studio 10.0\VC\bin\link.exe /ERRORREPORT:PROMPT /OUT:"C:\Users\Santosh\Desktop\_CS541_Project5\_CS541_Project5\Release\CS541-framework.exe" /INCREMENTAL:NO /NOLOGO kernel32.lib user32.lib gdi32.lib winspool.lib comdlg32.lib advapi32.lib shell32.lib ole32.lib oleaut32.lib uuid.lib odbc32.lib odbccp32.lib /MANIFEST /ManifestFile:"Release\CS541-framework.exe.intermediate.manifest" /MANIFESTUAC:"level='asInvoker' uiAccess='false'" /DEBUG /PDB:"C:\Users\Santosh\Desktop\_CS541_Project5\_CS541_Project5\Release\CS541-framework.pdb" /SUBSYSTEM:CONSOLE /OPT:REF /OPT:ICF /LTCG /TLBID:1 /DYNAMICBASE /NXCOMPAT /IMPLIB:"C:\Users\Santosh\Desktop\_CS541_Project5\_CS541_Project5\Release\CS541-framework.lib" /MACHINE:X86 Release\framework.obj
         "Release\geomlib-advanced.obj"
         Release\geomlib.obj
         Release\render.obj
         Release\scene.obj
         Release\scenelib.obj
         Release\transformation.obj
         Generating code
         Finished generating code
         framework.vcxproj -> C:\Users\Santosh\Desktop\_CS541_Project5\_CS541_Project5\Release\CS541-framework.exe
       Manifest:
         C:\Program Files (x86)\Microsoft SDKs\Windows\v7.0A\bin\mt.exe /nologo /verbose /outputresource:"C:\Users\Santosh\Desktop\_CS541_Project5\_CS541_Project5\Release\CS541-framework.exe;#1" /manifest "Release\CS541-framework.exe.intermediate.manifest"
       FinalizeBuildStatus:
         Deleting file "Release\CS541-framework.unsuccessfulbuild".
         Touching "Release\CS541-framework.lastbuildstate".
     1>Done Building Project "C:\Users\Santosh\Desktop\_CS541_Project5\_CS541_Project5\framework.vcxproj" (build target(s)).

Build succeeded.

Time Elapsed 00:00:08.32
