Build started 6/12/2012 4:35:08 PM.
     1>Project "C:\Users\santosh.s\Desktop\Project2\PathfindingProject.vcxproj" on node 2 (build target(s)).
     1>InitializeBuildStatus:
         Creating "Debug\PathfindingProject.unsuccessfulbuild" because "AlwaysCreate" was specified.
       ClCompile:
         All outputs are up-to-date.
         C:\Program Files (x86)\Microsoft Visual Studio 10.0\VC\bin\CL.exe /c /I"C:\Program Files (x86)\Microsoft DirectX SDK (June 2010)\\INCLUDE" /ZI /nologo /W3 /WX- /Od /Oy- /D _UNICODE /D UNICODE /Gm /EHsc /RTC1 /MTd /GS /fp:precise /Zc:wchar_t /Zc:forScope /Yu"DXUT.h" /Fp"Debug\PathfindingProject.pch" /Fo"Debug\\" /Fd"Debug\vc100.pdb" /Gd /TP /wd4995 /analyze- /errorReport:prompt Source\movement.cpp
         movement.cpp
       ResourceCompile:
         All outputs are up-to-date.
       Link:
         C:\Program Files (x86)\Microsoft Visual Studio 10.0\VC\bin\link.exe /ERRORREPORT:PROMPT /OUT:"C:\Users\santosh.s\Desktop\Project2\Debug\PathfindingProject.exe" /NOLOGO /LIBPATH:"C:\Program Files (x86)\Microsoft DirectX SDK (June 2010)\\LIB\X86" dxerr.lib dxguid.lib d3dx9d.lib d3dx10d.lib d3d9.lib comctl32.lib winmm.lib dsound.lib kernel32.lib user32.lib gdi32.lib winspool.lib comdlg32.lib advapi32.lib shell32.lib ole32.lib oleaut32.lib uuid.lib odbc32.lib odbccp32.lib /MANIFEST:NO /DEBUG /PDB:"C:\Users\santosh.s\Desktop\Project2\Debug\PathfindingProject.pdb" /SUBSYSTEM:WINDOWS /TLBID:1 /DYNAMICBASE /NXCOMPAT /IMPLIB:"C:\Users\santosh.s\Desktop\Project2\Debug\PathfindingProject.lib" /MACHINE:X86 Debug\MultiAnimation.res
         Debug\AStar.obj
         Debug\body.obj
         Debug\gameobject.obj
         Debug\movement.obj
         Debug\agent.obj
         Debug\unittest1.obj
         Debug\unittest2a.obj
         Debug\unittest2b.obj
         Debug\unittest2c.obj
         Debug\unittest3a.obj
         Debug\unittest3b.obj
         Debug\unittest4.obj
         Debug\unittest5.obj
         Debug\unittest6.obj
         Debug\AllocHierarchy.obj
         Debug\AnimationInstance.obj
         Debug\Tiny.obj
         Debug\DXUT.obj
         Debug\DXUTcamera.obj
         Debug\DXUTenum.obj
         Debug\DXUTgui.obj
         Debug\DXUTmisc.obj
         Debug\DXUTres.obj
         Debug\DXUTsettingsdlg.obj
         Debug\SDKmisc.obj
         Debug\SDKsound.obj
         Debug\SDKwavefile.obj
         Debug\database.obj
         Debug\debugdrawing.obj
         Debug\Map.obj
         Debug\terrain.obj
         Debug\time.obj
         Debug\world.obj
         Debug\debuglog.obj
         Debug\msg.obj
         Debug\msgroute.obj
         Debug\statemch.obj
         Debug\triggersystem.obj
         Debug\MultiAnimation.obj
         Debug\MultiAnimationLib.obj
         PathfindingProject.vcxproj -> C:\Users\santosh.s\Desktop\Project2\Debug\PathfindingProject.exe
       FinalizeBuildStatus:
         Deleting file "Debug\PathfindingProject.unsuccessfulbuild".
         Touching "Debug\PathfindingProject.lastbuildstate".
     1>Done Building Project "C:\Users\santosh.s\Desktop\Project2\PathfindingProject.vcxproj" (build target(s)).

Build succeeded.

Time Elapsed 00:00:01.79
