Build started 6/12/2012 4:36:10 PM.
     1>Project "C:\Users\santosh.s\Desktop\Project2\PathfindingProject.vcxproj" on node 2 (build target(s)).
     1>InitializeBuildStatus:
         Creating "Release\PathfindingProject.unsuccessfulbuild" because "AlwaysCreate" was specified.
       ClCompile:
         All outputs are up-to-date.
         C:\Program Files (x86)\Microsoft Visual Studio 10.0\VC\bin\CL.exe /c /I"C:\Program Files (x86)\Microsoft DirectX SDK (June 2010)\\INCLUDE" /Zi /nologo /W3 /WX- /O2 /Oi /Oy- /GL /D _UNICODE /D UNICODE /Gm- /EHsc /MT /GS /Gy /fp:precise /Zc:wchar_t /Zc:forScope /Yu"DXUT.h" /Fp"Release\PathfindingProject.pch" /Fo"Release\\" /Fd"Release\vc100.pdb" /Gd /TP /analyze- /errorReport:prompt Source\movement.cpp
         movement.cpp
     1>C:\Program Files (x86)\Microsoft Visual Studio 10.0\VC\include\cstdio(48): warning C4995: 'gets': name was marked as #pragma deprecated
     1>C:\Program Files (x86)\Microsoft Visual Studio 10.0\VC\include\cstdio(52): warning C4995: 'sprintf': name was marked as #pragma deprecated
     1>C:\Program Files (x86)\Microsoft Visual Studio 10.0\VC\include\cstdio(55): warning C4995: 'vsprintf': name was marked as #pragma deprecated
     1>C:\Program Files (x86)\Microsoft Visual Studio 10.0\VC\include\cstring(21): warning C4995: 'strcat': name was marked as #pragma deprecated
     1>C:\Program Files (x86)\Microsoft Visual Studio 10.0\VC\include\cstring(22): warning C4995: 'strcpy': name was marked as #pragma deprecated
     1>C:\Program Files (x86)\Microsoft Visual Studio 10.0\VC\include\cstring(23): warning C4995: 'strncat': name was marked as #pragma deprecated
     1>C:\Program Files (x86)\Microsoft Visual Studio 10.0\VC\include\cstring(24): warning C4995: 'strncpy': name was marked as #pragma deprecated
     1>C:\Program Files (x86)\Microsoft Visual Studio 10.0\VC\include\cwchar(30): warning C4995: 'swprintf': name was marked as #pragma deprecated
     1>C:\Program Files (x86)\Microsoft Visual Studio 10.0\VC\include\cwchar(31): warning C4995: 'vswprintf': name was marked as #pragma deprecated
     1>C:\Program Files (x86)\Microsoft Visual Studio 10.0\VC\include\cwchar(33): warning C4995: 'wcscat': name was marked as #pragma deprecated
     1>C:\Program Files (x86)\Microsoft Visual Studio 10.0\VC\include\cwchar(35): warning C4995: 'wcscpy': name was marked as #pragma deprecated
     1>C:\Program Files (x86)\Microsoft Visual Studio 10.0\VC\include\cwchar(36): warning C4995: 'wcsncat': name was marked as #pragma deprecated
     1>C:\Program Files (x86)\Microsoft Visual Studio 10.0\VC\include\cwchar(36): warning C4995: 'wcsncpy': name was marked as #pragma deprecated
     1>C:\Program Files (x86)\Microsoft Visual Studio 10.0\VC\include\intrin.h(1092): warning C4995: 'wcscat': name was marked as #pragma deprecated
     1>C:\Program Files (x86)\Microsoft Visual Studio 10.0\VC\include\intrin.h(1094): warning C4995: 'wcscpy': name was marked as #pragma deprecated
       ResourceCompile:
         All outputs are up-to-date.
       Link:
         C:\Program Files (x86)\Microsoft Visual Studio 10.0\VC\bin\link.exe /ERRORREPORT:PROMPT /OUT:"C:\Users\santosh.s\Desktop\Project2\Release\PathfindingProject.exe" /NOLOGO /LIBPATH:"C:\Program Files (x86)\Microsoft DirectX SDK (June 2010)\\LIB\X86" dxerr.lib dxguid.lib d3dx9.lib d3dx10.lib d3d9.lib comctl32.lib winmm.lib dsound.lib kernel32.lib user32.lib gdi32.lib winspool.lib comdlg32.lib advapi32.lib shell32.lib ole32.lib oleaut32.lib uuid.lib odbc32.lib odbccp32.lib /MANIFEST:NO /DEBUG /PDB:"C:\Users\santosh.s\Desktop\Project2\Release\PathfindingProject.pdb" /SUBSYSTEM:WINDOWS /OPT:REF /OPT:ICF /LTCG /TLBID:1 /DYNAMICBASE /NXCOMPAT /IMPLIB:"C:\Users\santosh.s\Desktop\Project2\Release\PathfindingProject.lib" /MACHINE:X86 Release\MultiAnimation.res
         Release\AStar.obj
         Release\body.obj
         Release\gameobject.obj
         Release\movement.obj
         Release\agent.obj
         Release\unittest1.obj
         Release\unittest2a.obj
         Release\unittest2b.obj
         Release\unittest2c.obj
         Release\unittest3a.obj
         Release\unittest3b.obj
         Release\unittest4.obj
         Release\unittest5.obj
         Release\unittest6.obj
         Release\AllocHierarchy.obj
         Release\AnimationInstance.obj
         Release\Tiny.obj
         Release\DXUT.obj
         Release\DXUTcamera.obj
         Release\DXUTenum.obj
         Release\DXUTgui.obj
         Release\DXUTmisc.obj
         Release\DXUTres.obj
         Release\DXUTsettingsdlg.obj
         Release\SDKmisc.obj
         Release\SDKsound.obj
         Release\SDKwavefile.obj
         Release\database.obj
         Release\debugdrawing.obj
         Release\Map.obj
         Release\terrain.obj
         Release\time.obj
         Release\world.obj
         Release\debuglog.obj
         Release\msg.obj
         Release\msgroute.obj
         Release\statemch.obj
         Release\triggersystem.obj
         Release\MultiAnimation.obj
         Release\MultiAnimationLib.obj
         Generating code
         Finished generating code
         PathfindingProject.vcxproj -> C:\Users\santosh.s\Desktop\Project2\Release\PathfindingProject.exe
       FinalizeBuildStatus:
         Deleting file "Release\PathfindingProject.unsuccessfulbuild".
         Touching "Release\PathfindingProject.lastbuildstate".
     1>Done Building Project "C:\Users\santosh.s\Desktop\Project2\PathfindingProject.vcxproj" (build target(s)).

Build succeeded.

Time Elapsed 00:00:07.26
