Build started 2/9/2012 5:09:53 PM.
     1>Project "E:\Work_Work\Projects\GAM541\AlienEngine\AlienEngine.vcxproj" on node 2 (build target(s)).
     1>InitializeBuildStatus:
         Creating "Debug\AlienEngine.unsuccessfulbuild" because "AlwaysCreate" was specified.
       ClCompile:
         E:\Program Files (x86)\Microsoft Visual Studio 10.0\VC\bin\CL.exe /c /ZI /nologo /W3 /WX- /Od /Oy- /D WIN32 /D _DEBUG /D _CONSOLE /D _MBCS /Gm /EHsc /RTC1 /MDd /GS /fp:precise /Zc:wchar_t /Zc:forScope /Fo"Debug\\" /Fd"Debug\vc100.pdb" /Gd /TP /analyze- /errorReport:prompt source\Core.cpp source\GameLogic.cpp
         GameLogic.cpp
         Including Class: ISerializer
         Including Class: XMLSerializer
         Including Class: Archetype
         Including Class: ArchetypeCollection
         Including Class: GameData
         Including Class: DebugStream
         Including Class: DebugTools
         Including Class: Utility
         Core.cpp
         Including Class: DebugStream
         Including Class: DebugTools
         Including Class: ISerializer
         Generating Code...
       ManifestResourceCompile:
         All outputs are up-to-date.
       Link:
         E:\Program Files (x86)\Microsoft Visual Studio 10.0\VC\bin\link.exe /ERRORREPORT:PROMPT /OUT:"E:\Work_Work\Projects\GAM541\AlienEngine\Debug\AlienEngine.exe" /INCREMENTAL /NOLOGO dxerr.lib d3d10.lib d3dx10.lib d3d10.lib d3dx10.lib winmm.lib kernel32.lib user32.lib gdi32.lib winspool.lib comdlg32.lib advapi32.lib shell32.lib ole32.lib oleaut32.lib uuid.lib odbc32.lib odbccp32.lib /MANIFEST /ManifestFile:"Debug\AlienEngine.exe.intermediate.manifest" /MANIFESTUAC:"level='asInvoker' uiAccess='false'" /DEBUG /PDB:"E:\Work_Work\Projects\GAM541\AlienEngine\Debug\AlienEngine.pdb" /SUBSYSTEM:CONSOLE /TLBID:1 /DYNAMICBASE /NXCOMPAT /IMPLIB:"E:\Work_Work\Projects\GAM541\AlienEngine\Debug\AlienEngine.lib" /MACHINE:X86 Debug\AlienEngine.exe.embed.manifest.res
         Debug\animation.obj
         Debug\Archetype.obj
         Debug\Body.obj
         Debug\Camera.obj
         Debug\colladaReader.obj
         Debug\Collision.obj
         Debug\Composition.obj
         Debug\Core.obj
         Debug\D3DManager.obj
         Debug\DebugDraw.obj
         Debug\debugGeometry.obj
         Debug\DebugPrint.obj
         Debug\DebugTools.obj
         Debug\directionalLight.obj
         Debug\Factory.obj
         Debug\FilePath.obj
         Debug\font.obj
         Debug\GameData.obj
         Debug\GameLogic.obj
         Debug\Graphics.obj
         Debug\grass.obj
         Debug\Mesh.obj
         Debug\meshInstance.obj
         Debug\Physics.obj
         Debug\Precompiled.obj
         Debug\renderTargetTexture.obj
         Debug\Resolution.obj
         Debug\shader.obj
         Debug\Sprite.obj
         Debug\surface.obj
         Debug\TextSerialization.obj
         Debug\tile.obj
         Debug\Transform.obj
         Debug\Utility.obj
         Debug\WindowsSystem.obj
         Debug\main.obj
         Debug\XMLSerialization.obj
       Manifest:
         C:\Program Files (x86)\Microsoft SDKs\Windows\v7.0A\bin\mt.exe /nologo /verbose /out:"Debug\AlienEngine.exe.embed.manifest" /manifest Debug\AlienEngine.exe.intermediate.manifest
         All outputs are up-to-date.
       LinkEmbedManifest:
         All outputs are up-to-date.
         AlienEngine.vcxproj -> E:\Work_Work\Projects\GAM541\AlienEngine\Debug\AlienEngine.exe
       FinalizeBuildStatus:
         Deleting file "Debug\AlienEngine.unsuccessfulbuild".
         Touching "Debug\AlienEngine.lastbuildstate".
     1>Done Building Project "E:\Work_Work\Projects\GAM541\AlienEngine\AlienEngine.vcxproj" (build target(s)).

Build succeeded.

Time Elapsed 00:00:03.01
