Build started 4/30/2013 11:02:18 AM.
     1>Project "E:\Work_Work\VS2010\Projects\CS582\Project_1\Project_1\Project_1.vcxproj" on node 2 (build target(s)).
     1>InitializeBuildStatus:
         Creating "Debug\Project_1.unsuccessfulbuild" because "AlwaysCreate" was specified.
       ClCompile:
         E:\Program Files (x86)\Microsoft Visual Studio 10.0\VC\bin\CL.exe /c /ZI /nologo /W3 /WX- /Od /Oy- /D _MBCS /Gm /EHsc /RTC1 /MDd /GS /fp:precise /Zc:wchar_t /Zc:forScope /Fo"Debug\\" /Fd"Debug\vc100.pdb" /Gd /TP /analyze- /errorReport:prompt main.cpp
         main.cpp
       Link:
         E:\Program Files (x86)\Microsoft Visual Studio 10.0\VC\bin\link.exe /ERRORREPORT:PROMPT /OUT:"E:\Work_Work\VS2010\Projects\CS582\Project_1\Debug\Project_1.exe" /NOLOGO kernel32.lib user32.lib gdi32.lib winspool.lib comdlg32.lib advapi32.lib shell32.lib ole32.lib oleaut32.lib uuid.lib odbc32.lib odbccp32.lib /MANIFEST /ManifestFile:"Debug\Project_1.exe.intermediate.manifest" /MANIFESTUAC:"level='asInvoker' uiAccess='false'" /DEBUG /PDB:"E:\Work_Work\VS2010\Projects\CS582\Project_1\Debug\Project_1.pdb" /TLBID:1 /DYNAMICBASE /NXCOMPAT /IMPLIB:"E:\Work_Work\VS2010\Projects\CS582\Project_1\Debug\Project_1.lib" /MACHINE:X86 Debug\bn.obj
         "Debug\main-check-alg.obj"
         Debug\main.obj
         LINK : E:\Work_Work\VS2010\Projects\CS582\Project_1\Debug\Project_1.exe not found or not built by the last incremental link; performing full link
            Creating library E:\Work_Work\VS2010\Projects\CS582\Project_1\Debug\Project_1.lib and object E:\Work_Work\VS2010\Projects\CS582\Project_1\Debug\Project_1.exp
         Project_1.vcxproj -> E:\Work_Work\VS2010\Projects\CS582\Project_1\Debug\Project_1.exe
       Manifest:
         C:\Program Files (x86)\Microsoft SDKs\Windows\v7.0A\bin\mt.exe /nologo /verbose /outputresource:"E:\Work_Work\VS2010\Projects\CS582\Project_1\Debug\Project_1.exe;#1" /manifest Debug\Project_1.exe.intermediate.manifest
       FinalizeBuildStatus:
         Deleting file "Debug\Project_1.unsuccessfulbuild".
         Touching "Debug\Project_1.lastbuildstate".
     1>Done Building Project "E:\Work_Work\VS2010\Projects\CS582\Project_1\Project_1\Project_1.vcxproj" (build target(s)).

Build succeeded.

Time Elapsed 00:00:00.92
